[CAMPAIGN START] 2026-06-26 00:49:13  total=274 done=200 todo=74
[1/74] >>> [00:49:13] main__vit_b__lora_ssf__pets__s123__f100__r8__a64__p20  (batch=128)
    OK (1511s)
[2/74] >>> [01:14:24] main__vit_b__full_ft__pets__s123__f100__r8__a64__p20  (batch=128)
    OK (922s)
[3/74] >>> [01:29:46] main__vit_b__linear_probe__cifar100__s123__f100__r8__a64__p20  (batch=128)
    OK (1041s)
[4/74] >>> [01:47:07] main__vit_b__bitfit__cifar100__s123__f100__r8__a64__p20  (batch=128)
    OK (2195s)
[5/74] >>> [02:23:42] main__vit_b__ssf__cifar100__s123__f100__r8__a64__p20  (batch=128)
    OK (2471s)
[6/74] >>> [03:04:53] main__vit_b__vpt__cifar100__s123__f100__r8__a64__p20  (batch=128)
    OK (2277s)
[7/74] >>> [03:42:51] main__vit_b__lora__cifar100__s123__f100__r8__a64__p20  (batch=128)
    OK (2492s)
[8/74] >>> [04:24:23] main__vit_b__adaptformer__cifar100__s123__f100__r8__a64__p20  (batch=128)
    OK (2214s)
[9/74] >>> [05:01:17] main__vit_b__lora_ssf__cifar100__s123__f100__r8__a64__p20  (batch=128)
    OK (3439s)
[10/74] >>> [05:58:36] main__vit_b__full_ft__cifar100__s123__f100__r8__a64__p20  (batch=128)
    OK (2836s)
[11/74] >>> [06:45:52] main__vit_l__linear_probe__flowers102__s42__f100__r8__a64__p20  (batch=64)
    OK (1345s)
[12/74] >>> [07:08:17] main__vit_l__bitfit__flowers102__s42__f100__r8__a64__p20  (batch=64)
    OK (2379s)
[13/74] >>> [07:47:55] main__vit_l__ssf__flowers102__s42__f100__r8__a64__p20  (batch=64)
    OK (2771s)
[14/74] >>> [08:34:07] main__vit_l__vpt__flowers102__s42__f100__r8__a64__p20  (batch=64)
    TIMEOUT (see main__vit_l__vpt__flowers102__s42__f100__r8__a64__p20.log)
[15/74] >>> [11:04:08] main__vit_l__lora__flowers102__s42__f100__r8__a64__p20  (batch=64)
    OK (1418s)
[16/74] >>> [11:27:45] main__vit_l__adaptformer__flowers102__s42__f100__r8__a64__p20  (batch=64)
    OK (1361s)
[17/74] >>> [11:50:26] main__vit_l__lora_ssf__flowers102__s42__f100__r8__a64__p20  (batch=64)
    OK (1684s)
[18/74] >>> [12:18:30] main__vit_l__full_ft__flowers102__s42__f100__r8__a64__p20  (batch=32)
    OK (1564s)
[19/74] >>> [12:44:34] main__vit_l__linear_probe__dtd__s42__f100__r8__a64__p20  (batch=64)
    OK (517s)
[20/74] >>> [12:53:12] main__vit_l__bitfit__dtd__s42__f100__r8__a64__p20  (batch=64)
    OK (1182s)
[21/74] >>> [13:12:53] main__vit_l__ssf__dtd__s42__f100__r8__a64__p20  (batch=64)
    OK (1420s)
[22/74] >>> [13:36:33] main__vit_l__vpt__dtd__s42__f100__r8__a64__p20  (batch=64)
    OK (2978s)
[23/74] >>> [14:26:12] main__vit_l__lora__dtd__s42__f100__r8__a64__p20  (batch=64)
    OK (1359s)
[24/74] >>> [14:48:51] main__vit_l__adaptformer__dtd__s42__f100__r8__a64__p20  (batch=64)
    OK (1316s)
[25/74] >>> [15:10:47] main__vit_l__lora_ssf__dtd__s42__f100__r8__a64__p20  (batch=64)
    OK (1638s)
[26/74] >>> [15:38:05] main__vit_l__full_ft__dtd__s42__f100__r8__a64__p20  (batch=32)
    OK (1589s)
[27/74] >>> [16:04:34] main__vit_l__linear_probe__pets__s42__f100__r8__a64__p20  (batch=64)
    OK (603s)
[28/74] >>> [16:14:37] main__vit_l__bitfit__pets__s42__f100__r8__a64__p20  (batch=64)
    OK (1260s)
[29/74] >>> [16:35:37] main__vit_l__ssf__pets__s42__f100__r8__a64__p20  (batch=64)
    OK (1513s)
[30/74] >>> [17:00:50] main__vit_l__vpt__pets__s42__f100__r8__a64__p20  (batch=64)
    OK (3022s)
[31/74] >>> [17:51:12] main__vit_l__lora__pets__s42__f100__r8__a64__p20  (batch=64)
    OK (1443s)
[32/74] >>> [18:15:15] main__vit_l__adaptformer__pets__s42__f100__r8__a64__p20  (batch=64)
    OK (1391s)
[33/74] >>> [18:38:26] main__vit_l__lora_ssf__pets__s42__f100__r8__a64__p20  (batch=64)
    OK (1735s)
[34/74] >>> [19:07:21] main__vit_l__full_ft__pets__s42__f100__r8__a64__p20  (batch=32)
    OK (1658s)
[35/74] >>> [19:34:59] main__vit_l__linear_probe__cifar100__s42__f100__r8__a64__p20  (batch=64)
    OK (1561s)
[36/74] >>> [20:01:00] main__vit_l__bitfit__cifar100__s42__f100__r8__a64__p20  (batch=64)
    OK (4273s)
[37/74] >>> [21:12:13] main__vit_l__ssf__cifar100__s42__f100__r8__a64__p20  (batch=64)
    OK (5201s)
[38/74] >>> [22:38:53] main__vit_l__vpt__cifar100__s42__f100__r8__a64__p20  (batch=64)
    FAILED rc=3221226091 (see main__vit_l__vpt__cifar100__s42__f100__r8__a64__p20.log)
[39/74] >>> [22:38:53] main__vit_l__lora__cifar100__s42__f100__r8__a64__p20  (batch=64)
    FAILED rc=3221226091 (see main__vit_l__lora__cifar100__s42__f100__r8__a64__p20.log)
[40/74] >>> [22:38:54] main__vit_l__adaptformer__cifar100__s42__f100__r8__a64__p20  (batch=64)
    FAILED rc=3221226091 (see main__vit_l__adaptformer__cifar100__s42__f100__r8__a64__p20.log)
[41/74] >>> [22:38:54] main__vit_l__lora_ssf__cifar100__s42__f100__r8__a64__p20  (batch=64)
    FAILED rc=3221226091 (see main__vit_l__lora_ssf__cifar100__s42__f100__r8__a64__p20.log)
[42/74] >>> [22:38:54] main__vit_l__full_ft__cifar100__s42__f100__r8__a64__p20  (batch=32)
    FAILED rc=3221226091 (see main__vit_l__full_ft__cifar100__s42__f100__r8__a64__p20.log)
[43/74] >>> [22:38:54] main__vit_b__linear_probe__flowers102__s2024__f100__r8__a64__p20  (batch=128)
    FAILED rc=3221226091 (see main__vit_b__linear_probe__flowers102__s2024__f100__r8__a64__p20.log)
[44/74] >>> [22:38:54] main__vit_b__bitfit__flowers102__s2024__f100__r8__a64__p20  (batch=128)
    FAILED rc=3221226091 (see main__vit_b__bitfit__flowers102__s2024__f100__r8__a64__p20.log)
[45/74] >>> [22:38:54] main__vit_b__ssf__flowers102__s2024__f100__r8__a64__p20  (batch=128)
    FAILED rc=3221226091 (see main__vit_b__ssf__flowers102__s2024__f100__r8__a64__p20.log)
[46/74] >>> [22:38:54] main__vit_b__vpt__flowers102__s2024__f100__r8__a64__p20  (batch=128)
    FAILED rc=3221226091 (see main__vit_b__vpt__flowers102__s2024__f100__r8__a64__p20.log)
[47/74] >>> [22:38:54] main__vit_b__lora__flowers102__s2024__f100__r8__a64__p20  (batch=128)
    FAILED rc=3221226091 (see main__vit_b__lora__flowers102__s2024__f100__r8__a64__p20.log)
[48/74] >>> [22:38:54] main__vit_b__adaptformer__flowers102__s2024__f100__r8__a64__p20  (batch=128)
    FAILED rc=3221226091 (see main__vit_b__adaptformer__flowers102__s2024__f100__r8__a64__p20.log)
[49/74] >>> [22:38:54] main__vit_b__lora_ssf__flowers102__s2024__f100__r8__a64__p20  (batch=128)
    FAILED rc=3221226091 (see main__vit_b__lora_ssf__flowers102__s2024__f100__r8__a64__p20.log)
[50/74] >>> [22:38:54] main__vit_b__full_ft__flowers102__s2024__f100__r8__a64__p20  (batch=128)
    FAILED rc=3221226091 (see main__vit_b__full_ft__flowers102__s2024__f100__r8__a64__p20.log)
[51/74] >>> [22:38:54] main__vit_b__linear_probe__dtd__s2024__f100__r8__a64__p20  (batch=128)
    FAILED rc=3221226091 (see main__vit_b__linear_probe__dtd__s2024__f100__r8__a64__p20.log)
[52/74] >>> [22:38:55] main__vit_b__bitfit__dtd__s2024__f100__r8__a64__p20  (batch=128)
    FAILED rc=3221226091 (see main__vit_b__bitfit__dtd__s2024__f100__r8__a64__p20.log)
[53/74] >>> [22:38:55] main__vit_b__ssf__dtd__s2024__f100__r8__a64__p20  (batch=128)
    FAILED rc=3221226091 (see main__vit_b__ssf__dtd__s2024__f100__r8__a64__p20.log)
[54/74] >>> [22:38:55] main__vit_b__vpt__dtd__s2024__f100__r8__a64__p20  (batch=128)
    FAILED rc=3221226091 (see main__vit_b__vpt__dtd__s2024__f100__r8__a64__p20.log)
[55/74] >>> [22:38:55] main__vit_b__lora__dtd__s2024__f100__r8__a64__p20  (batch=128)
    FAILED rc=3221226091 (see main__vit_b__lora__dtd__s2024__f100__r8__a64__p20.log)
[56/74] >>> [22:38:55] main__vit_b__adaptformer__dtd__s2024__f100__r8__a64__p20  (batch=128)
    FAILED rc=3221226091 (see main__vit_b__adaptformer__dtd__s2024__f100__r8__a64__p20.log)
[57/74] >>> [22:38:55] main__vit_b__lora_ssf__dtd__s2024__f100__r8__a64__p20  (batch=128)
    FAILED rc=3221226091 (see main__vit_b__lora_ssf__dtd__s2024__f100__r8__a64__p20.log)
[58/74] >>> [22:38:55] main__vit_b__full_ft__dtd__s2024__f100__r8__a64__p20  (batch=128)
    FAILED rc=3221226091 (see main__vit_b__full_ft__dtd__s2024__f100__r8__a64__p20.log)
[59/74] >>> [22:38:55] main__vit_b__linear_probe__pets__s2024__f100__r8__a64__p20  (batch=128)
    FAILED rc=3221226091 (see main__vit_b__linear_probe__pets__s2024__f100__r8__a64__p20.log)
[60/74] >>> [22:38:55] main__vit_b__bitfit__pets__s2024__f100__r8__a64__p20  (batch=128)
    FAILED rc=3221226091 (see main__vit_b__bitfit__pets__s2024__f100__r8__a64__p20.log)
[61/74] >>> [22:38:55] main__vit_b__ssf__pets__s2024__f100__r8__a64__p20  (batch=128)
    FAILED rc=3221226091 (see main__vit_b__ssf__pets__s2024__f100__r8__a64__p20.log)
[62/74] >>> [22:38:55] main__vit_b__vpt__pets__s2024__f100__r8__a64__p20  (batch=128)
    FAILED rc=3221226091 (see main__vit_b__vpt__pets__s2024__f100__r8__a64__p20.log)
[63/74] >>> [22:38:55] main__vit_b__lora__pets__s2024__f100__r8__a64__p20  (batch=128)
    FAILED rc=3221226091 (see main__vit_b__lora__pets__s2024__f100__r8__a64__p20.log)
[64/74] >>> [22:38:56] main__vit_b__adaptformer__pets__s2024__f100__r8__a64__p20  (batch=128)
    FAILED rc=3221226091 (see main__vit_b__adaptformer__pets__s2024__f100__r8__a64__p20.log)
[65/74] >>> [22:38:56] main__vit_b__lora_ssf__pets__s2024__f100__r8__a64__p20  (batch=128)
    FAILED rc=3221226091 (see main__vit_b__lora_ssf__pets__s2024__f100__r8__a64__p20.log)
[66/74] >>> [22:38:56] main__vit_b__full_ft__pets__s2024__f100__r8__a64__p20  (batch=128)
    FAILED rc=3221226091 (see main__vit_b__full_ft__pets__s2024__f100__r8__a64__p20.log)
[67/74] >>> [22:38:56] main__vit_b__linear_probe__cifar100__s2024__f100__r8__a64__p20  (batch=128)
    FAILED rc=3221226091 (see main__vit_b__linear_probe__cifar100__s2024__f100__r8__a64__p20.log)
[68/74] >>> [22:38:56] main__vit_b__bitfit__cifar100__s2024__f100__r8__a64__p20  (batch=128)
    FAILED rc=3221226091 (see main__vit_b__bitfit__cifar100__s2024__f100__r8__a64__p20.log)
[69/74] >>> [22:38:56] main__vit_b__ssf__cifar100__s2024__f100__r8__a64__p20  (batch=128)
    FAILED rc=3221226091 (see main__vit_b__ssf__cifar100__s2024__f100__r8__a64__p20.log)
[70/74] >>> [22:38:56] main__vit_b__vpt__cifar100__s2024__f100__r8__a64__p20  (batch=128)
    FAILED rc=3221226091 (see main__vit_b__vpt__cifar100__s2024__f100__r8__a64__p20.log)
[71/74] >>> [22:38:56] main__vit_b__lora__cifar100__s2024__f100__r8__a64__p20  (batch=128)
    FAILED rc=3221226091 (see main__vit_b__lora__cifar100__s2024__f100__r8__a64__p20.log)
[72/74] >>> [22:38:56] main__vit_b__adaptformer__cifar100__s2024__f100__r8__a64__p20  (batch=128)
    FAILED rc=3221226091 (see main__vit_b__adaptformer__cifar100__s2024__f100__r8__a64__p20.log)
[73/74] >>> [22:38:56] main__vit_b__lora_ssf__cifar100__s2024__f100__r8__a64__p20  (batch=128)
    FAILED rc=3221226091 (see main__vit_b__lora_ssf__cifar100__s2024__f100__r8__a64__p20.log)
[74/74] >>> [22:38:56] main__vit_b__full_ft__cifar100__s2024__f100__r8__a64__p20  (batch=128)
    FAILED rc=3221226091 (see main__vit_b__full_ft__cifar100__s2024__f100__r8__a64__p20.log)
[CAMPAIGN DONE] 2026-06-26 22:38:56
CAMPAIGN_DONE
