[RUN] method=lora_ssf dataset=pets classes=37 trainable=397,093 (0.461%) lr=0.001 epochs=20 amp=torch.bfloat16
  epoch 1/20  loss=3.5463  test_acc=74.38  best=74.38  (59s)
  epoch 2/20  loss=1.0751  test_acc=93.35  best=93.35  (18s)
  epoch 3/20  loss=0.8601  (no eval)  (28s)
  epoch 4/20  loss=0.8121  test_acc=93.62  best=93.62  (38s)
  epoch 5/20  loss=0.7719  (no eval)  (46s)
  epoch 6/20  loss=0.7520  test_acc=94.11  best=94.11  (46s)
  epoch 7/20  loss=0.7388  (no eval)  (41s)
  epoch 8/20  loss=0.7285  test_acc=94.52  best=94.52  (42s)
  epoch 9/20  loss=0.7211  (no eval)  (44s)
  epoch 10/20  loss=0.7131  test_acc=94.63  best=94.63  (47s)
  epoch 11/20  loss=0.7087  (no eval)  (47s)
  epoch 12/20  loss=0.7065  test_acc=94.71  best=94.71  (47s)
  epoch 13/20  loss=0.7022  (no eval)  (47s)
  epoch 14/20  loss=0.7010  test_acc=94.47  best=94.71  (47s)
  epoch 15/20  loss=0.6993  (no eval)  (46s)
  epoch 16/20  loss=0.6974  test_acc=94.93  best=94.93  (47s)
  epoch 17/20  loss=0.6951  (no eval)  (48s)
  epoch 18/20  loss=0.6954  test_acc=94.74  best=94.93  (47s)
  epoch 19/20  loss=0.6946  test_acc=94.74  best=94.93  (47s)
  epoch 20/20  loss=0.6957  test_acc=94.74  best=94.93  (49s)
[CKPT] saved interp__vit_b__lora_ssf__pets__s42__f100__r8__a64__p20.pt (146 tensors)
[DONE] lora_ssf/pets  best_acc=94.93  trainable%=0.461  mem=9800MB  time=1054s
