[RUN] method=vpt dataset=pets classes=37 trainable=43,813 (0.051%) lr=0.005 epochs=20 amp=torch.bfloat16
  epoch 1/20  loss=2.5580  test_acc=86.67  best=86.67  (54s)
  epoch 2/20  loss=1.1764  test_acc=84.68  best=86.67  (12s)
  epoch 3/20  loss=1.0787  (no eval)  (13s)
  epoch 4/20  loss=1.0516  test_acc=84.11  best=86.67  (13s)
  epoch 5/20  loss=1.0771  (no eval)  (13s)
  epoch 6/20  loss=1.0169  test_acc=88.58  best=88.58  (14s)
  epoch 7/20  loss=0.8731  (no eval)  (14s)
  epoch 8/20  loss=0.8252  test_acc=92.70  best=92.70  (14s)
  epoch 9/20  loss=0.7845  (no eval)  (14s)
  epoch 10/20  loss=0.7579  test_acc=93.38  best=93.38  (14s)
  epoch 11/20  loss=0.7431  (no eval)  (14s)
  epoch 12/20  loss=0.7327  test_acc=93.32  best=93.38  (14s)
  epoch 13/20  loss=0.7277  (no eval)  (14s)
  epoch 14/20  loss=0.7258  test_acc=93.46  best=93.46  (14s)
  epoch 15/20  loss=0.7210  (no eval)  (14s)
  epoch 16/20  loss=0.7182  test_acc=93.79  best=93.79  (15s)
  epoch 17/20  loss=0.7170  (no eval)  (14s)
  epoch 18/20  loss=0.7145  test_acc=93.70  best=93.79  (14s)
  epoch 19/20  loss=0.7144  test_acc=93.68  best=93.79  (14s)
  epoch 20/20  loss=0.7139  test_acc=93.68  best=93.79  (14s)
[CKPT] saved interp__vit_b__vpt__pets__s42__f100__r8__a64__p20.pt (3 tensors)
[DONE] vpt/pets  best_acc=93.79  trainable%=0.051  mem=6874MB  time=451s
