[RUN] method=full_ft dataset=pets classes=37 trainable=85,827,109 (100.000%) lr=0.0001 epochs=20 amp=torch.bfloat16
  epoch 1/20  loss=2.9390  test_acc=83.95  best=83.95  (59s)
  epoch 2/20  loss=1.0340  test_acc=89.51  best=89.51  (16s)
  epoch 3/20  loss=0.8617  (no eval)  (27s)
  epoch 4/20  loss=0.7953  test_acc=91.14  best=91.14  (28s)
  epoch 5/20  loss=0.7715  (no eval)  (29s)
  epoch 6/20  loss=0.7466  test_acc=90.90  best=91.14  (28s)
  epoch 7/20  loss=0.7428  (no eval)  (29s)
  epoch 8/20  loss=0.7197  test_acc=91.88  best=91.88  (29s)
  epoch 9/20  loss=0.7070  (no eval)  (29s)
  epoch 10/20  loss=0.7064  test_acc=93.05  best=93.05  (28s)
  epoch 11/20  loss=0.6938  (no eval)  (28s)
  epoch 12/20  loss=0.6865  test_acc=93.49  best=93.49  (29s)
  epoch 13/20  loss=0.6806  (no eval)  (29s)
  epoch 14/20  loss=0.6787  test_acc=93.70  best=93.70  (29s)
  epoch 15/20  loss=0.6774  (no eval)  (29s)
  epoch 16/20  loss=0.6770  test_acc=93.76  best=93.76  (29s)
  epoch 17/20  loss=0.6753  (no eval)  (29s)
  epoch 18/20  loss=0.6754  test_acc=93.70  best=93.76  (29s)
  epoch 19/20  loss=0.6749  test_acc=93.81  best=93.81  (29s)
  epoch 20/20  loss=0.6744  test_acc=93.84  best=93.84  (29s)
[CKPT] saved interp__vit_b__full_ft__pets__s42__f100__r8__a64__p20.pt (152 tensors)
[DONE] full_ft/pets  best_acc=93.84  trainable%=100.000  mem=9593MB  time=724s
